<?xml version="1.0" encoding="UTF-8"?>
<!-- Generated by org.testng.reporters.JUnitReportReporter -->
<testsuite hostname="shankar2129" failures="0" tests="6" name="demo.loginpage" time="0.048" errors="0" timestamp="2023-07-24T16:23:16 IST" skipped="0">
  <testcase classname="demo.loginpage" name="testcase2" time="0.005"/>
  <testcase classname="demo.loginpage" name="testcase1" time="0.023"/>
  <testcase classname="demo.loginpage" name="testcase3" time="0.006"/>
  <testcase classname="demo.loginpage" name="testcase5" time="0.006"/>
  <testcase classname="demo.loginpage" name="testcase4" time="0.003"/>
  <testcase classname="demo.loginpage" name="testcase6" time="0.005"/>
</testsuite> <!-- demo.loginpage -->
