<?xml version="1.0" encoding="UTF-8"?>
<!-- Generated by org.testng.reporters.JUnitReportReporter -->
<testsuite hostname="shankar2129" failures="0" tests="1" name="demo.Grouping_demo" time="0.013" errors="0" timestamp="2023-07-24T16:33:14 IST" skipped="0">
  <testcase classname="demo.Grouping_demo" name="seeet" time="0.013"/>
</testsuite> <!-- demo.Grouping_demo -->
