<?xml version="1.0" encoding="UTF-8"?>
<!-- Generated by org.testng.reporters.JUnitReportReporter -->
<testsuite hostname="shankar2129" failures="0" tests="8" name="demo.demo" time="0.032" errors="0" timestamp="2023-07-24T16:23:16 IST" skipped="2">
  <testcase classname="demo.demo" name="testcase3" time="0.009"/>
  <testcase classname="demo.demo" name="testcase5" time="0.003"/>
  <testcase classname="demo.demo" name="testcase2" time="0.004"/>
  <testcase classname="demo.demo" name="testcase2" time="0.004"/>
  <testcase classname="demo.demo" name="testcase2" time="0.003"/>
  <testcase classname="demo.demo" name="testcase2" time="0.009"/>
  <testcase classname="demo.demo" name="testcase1">
    <skipped/>
  </testcase> <!-- testcase1 -->
  <testcase classname="demo.demo" name="testcase4">
    <skipped/>
  </testcase> <!-- testcase4 -->
</testsuite> <!-- demo.demo -->
